<?xml version="1.0" encoding="UTF-8"?>
<testsuite xmlns:xsi="http://www.w3.org/2001/XMLSchema-instance" xsi:noNamespaceSchemaLocation="https://maven.apache.org/surefire/maven-surefire-plugin/xsd/surefire-test-report.xsd" version="3.0.2" name="es.grupo9.practica1.Practica1ApplicationTests" time="10.625" tests="1" errors="0" skipped="0" failures="0">
  <properties>
[...]
</properties>
  <testcase name="contextLoads" classname="es.grupo9.practica1.Practica1ApplicationTests" time="0.552">
    <system-out><![CDATA[12:55:08.013 [main] INFO org.springframework.test.context.support.AnnotationConfigContextLoaderUtils -- Could not detect default configuration classes for test class [es.grupo9.practica1.Practica1ApplicationTests]: Practica1ApplicationTests does not declare any static, non-private, non-final, nested classes annotated with @Configuration.
12:55:08.183 [main] INFO org.springframework.boot.test.context.SpringBootTestContextBootstrapper -- Found @SpringBootConfiguration es.grupo9.practica1.Practica1Application for test class es.grupo9.practica1.Practica1ApplicationTests
12:55:08.398 [main] INFO org.springframework.boot.devtools.restart.RestartApplicationListener -- Restart disabled due to context in which it is running

  .   ____          _            __ _ _
 /\\ / ___'_ __ _ _(_)_ __  __ _ \ \ \ \
( ( )\___ | '_ | '_| | '_ \/ _` | \ \ \ \
 \\/  ___)| |_)| | | | | || (_| |  ) ) ) )
  '  |____| .__|_| |_|_| |_\__, | / / / /
 =========|_|==============|___/=/_/_/_/

 :: Spring Boot ::                (v3.4.3)

2025-04-10T12:55:08.755+02:00  INFO 19712 --- [practica1] [           main] e.g.practica1.Practica1ApplicationTests  : Starting Practica1ApplicationTests using Java 23.0.2 with PID 19712 (started by j_adr in C:\Users\j_adr\Desktop\asjdbajsbfasfasd\webapp09\practica1)
2025-04-10T12:55:08.756+02:00  INFO 19712 --- [practica1] [           main] e.g.practica1.Practica1ApplicationTests  : No active profile set, falling back to 1 default profile: "default"
2025-04-10T12:55:10.307+02:00  INFO 19712 --- [practica1] [           main] .s.d.r.c.RepositoryConfigurationDelegate : Bootstrapping Spring Data JPA repositories in DEFAULT mode.
2025-04-10T12:55:10.396+02:00  INFO 19712 --- [practica1] [           main] .s.d.r.c.RepositoryConfigurationDelegate : Finished Spring Data repository scanning in 78 ms. Found 5 JPA repository interfaces.
2025-04-10T12:55:11.390+02:00  INFO 19712 --- [practica1] [           main] o.hibernate.jpa.internal.util.LogHelper  : HHH000204: Processing PersistenceUnitInfo [name: default]
2025-04-10T12:55:11.459+02:00  INFO 19712 --- [practica1] [           main] org.hibernate.Version                    : HHH000412: Hibernate ORM core version 6.3.1.Final
2025-04-10T12:55:11.502+02:00  INFO 19712 --- [practica1] [           main] o.h.c.internal.RegionFactoryInitiator    : HHH000026: Second-level cache disabled
2025-04-10T12:55:11.855+02:00  INFO 19712 --- [practica1] [           main] o.s.o.j.p.SpringPersistenceUnitInfo      : No LoadTimeWeaver setup: ignoring JPA class transformer
2025-04-10T12:55:11.890+02:00  INFO 19712 --- [practica1] [           main] com.zaxxer.hikari.HikariDataSource       : HikariPool-1 - Starting...
2025-04-10T12:55:12.242+02:00  INFO 19712 --- [practica1] [           main] com.zaxxer.hikari.pool.HikariPool        : HikariPool-1 - Added connection com.mysql.cj.jdbc.ConnectionImpl@45f95ac0
2025-04-10T12:55:12.253+02:00  INFO 19712 --- [practica1] [           main] com.zaxxer.hikari.HikariDataSource       : HikariPool-1 - Start completed.
2025-04-10T12:55:13.490+02:00  INFO 19712 --- [practica1] [           main] o.h.e.t.j.p.i.JtaPlatformInitiator       : HHH000489: No JTA platform available (set 'hibernate.transaction.jta.platform' to enable JTA platform integration)
2025-04-10T12:55:13.609+02:00  INFO 19712 --- [practica1] [           main] j.LocalContainerEntityManagerFactoryBean : Initialized JPA EntityManagerFactory for persistence unit 'default'
2025-04-10T12:55:14.086+02:00  INFO 19712 --- [practica1] [           main] o.s.d.j.r.query.QueryEnhancerFactory     : Hibernate is in classpath; If applicable, HQL parser will be used.
2025-04-10T12:55:14.907+02:00 DEBUG 19712 --- [practica1] [           main] org.hibernate.SQL                        : 
    select
        t1_0.id 
    from
        tag t1_0 
    where
        t1_0.id=?
Hibernate: 
    select
        t1_0.id 
    from
        tag t1_0 
    where
        t1_0.id=?
2025-04-10T12:55:15.009+02:00 DEBUG 19712 --- [practica1] [           main] org.hibernate.SQL                        : 
    select
        t1_0.id 
    from
        tag t1_0 
    where
        t1_0.id=?
Hibernate: 
    select
        t1_0.id 
    from
        tag t1_0 
    where
        t1_0.id=?
2025-04-10T12:55:15.017+02:00 DEBUG 19712 --- [practica1] [           main] org.hibernate.SQL                        : 
    select
        t1_0.id 
    from
        tag t1_0 
    where
        t1_0.id=?
Hibernate: 
    select
        t1_0.id 
    from
        tag t1_0 
    where
        t1_0.id=?
2025-04-10T12:55:15.029+02:00 DEBUG 19712 --- [practica1] [           main] org.hibernate.SQL                        : 
    select
        t1_0.id 
    from
        tag t1_0 
    where
        t1_0.id=?
Hibernate: 
    select
        t1_0.id 
    from
        tag t1_0 
    where
        t1_0.id=?
2025-04-10T12:55:15.034+02:00 DEBUG 19712 --- [practica1] [           main] org.hibernate.SQL                        : 
    select
        t1_0.id 
    from
        tag t1_0 
    where
        t1_0.id=?
Hibernate: 
    select
        t1_0.id 
    from
        tag t1_0 
    where
        t1_0.id=?
2025-04-10T12:55:15.037+02:00 DEBUG 19712 --- [practica1] [           main] org.hibernate.SQL                        : 
    select
        t1_0.id 
    from
        tag t1_0 
    where
        t1_0.id=?
Hibernate: 
    select
        t1_0.id 
    from
        tag t1_0 
    where
        t1_0.id=?
2025-04-10T12:55:15.064+02:00 DEBUG 19712 --- [practica1] [           main] org.hibernate.SQL                        : 
    select
        h1_0.code,
        h1_0.acepted,
        h1_0.description,
        h1_0.image,
        h1_0.location,
        h1_0.name,
        h1_0.price,
        h1_0.stars 
    from
        housing h1_0 
    where
        h1_0.code=?
Hibernate: 
    select
        h1_0.code,
        h1_0.acepted,
        h1_0.description,
        h1_0.image,
        h1_0.location,
        h1_0.name,
        h1_0.price,
        h1_0.stars 
    from
        housing h1_0 
    where
        h1_0.code=?
2025-04-10T12:55:15.093+02:00 DEBUG 19712 --- [practica1] [           main] org.hibernate.SQL                        : 
    select
        t1_0.housing_id,
        t1_1.id 
    from
        housing_tags t1_0 
    join
        tag t1_1 
            on t1_1.id=t1_0.tag_id 
    where
        t1_0.housing_id=?
Hibernate: 
    select
        t1_0.housing_id,
        t1_1.id 
    from
        housing_tags t1_0 
    join
        tag t1_1 
            on t1_1.id=t1_0.tag_id 
    where
        t1_0.housing_id=?
2025-04-10T12:55:15.101+02:00 DEBUG 19712 --- [practica1] [           main] org.hibernate.SQL                        : 
    select
        h1_0.code,
        h1_0.acepted,
        h1_0.description,
        h1_0.image,
        h1_0.location,
        h1_0.name,
        h1_0.price,
        h1_0.stars 
    from
        housing h1_0 
    where
        h1_0.code=?
Hibernate: 
    select
        h1_0.code,
        h1_0.acepted,
        h1_0.description,
        h1_0.image,
        h1_0.location,
        h1_0.name,
        h1_0.price,
        h1_0.stars 
    from
        housing h1_0 
    where
        h1_0.code=?
2025-04-10T12:55:15.106+02:00 DEBUG 19712 --- [practica1] [           main] org.hibernate.SQL                        : 
    select
        t1_0.housing_id,
        t1_1.id 
    from
        housing_tags t1_0 
    join
        tag t1_1 
            on t1_1.id=t1_0.tag_id 
    where
        t1_0.housing_id=?
Hibernate: 
    select
        t1_0.housing_id,
        t1_1.id 
    from
        housing_tags t1_0 
    join
        tag t1_1 
            on t1_1.id=t1_0.tag_id 
    where
        t1_0.housing_id=?
2025-04-10T12:55:15.108+02:00 DEBUG 19712 --- [practica1] [           main] org.hibernate.SQL                        : 
    select
        h1_0.code,
        h1_0.acepted,
        h1_0.description,
        h1_0.image,
        h1_0.location,
        h1_0.name,
        h1_0.price,
        h1_0.stars 
    from
        housing h1_0 
    where
        h1_0.code=?
Hibernate: 
    select
        h1_0.code,
        h1_0.acepted,
        h1_0.description,
        h1_0.image,
        h1_0.location,
        h1_0.name,
        h1_0.price,
        h1_0.stars 
    from
        housing h1_0 
    where
        h1_0.code=?
2025-04-10T12:55:15.111+02:00 DEBUG 19712 --- [practica1] [           main] org.hibernate.SQL                        : 
    select
        t1_0.housing_id,
        t1_1.id 
    from
        housing_tags t1_0 
    join
        tag t1_1 
            on t1_1.id=t1_0.tag_id 
    where
        t1_0.housing_id=?
Hibernate: 
    select
        t1_0.housing_id,
        t1_1.id 
    from
        housing_tags t1_0 
    join
        tag t1_1 
            on t1_1.id=t1_0.tag_id 
    where
        t1_0.housing_id=?
2025-04-10T12:55:15.114+02:00 DEBUG 19712 --- [practica1] [           main] org.hibernate.SQL                        : 
    select
        h1_0.code,
        h1_0.acepted,
        h1_0.description,
        h1_0.image,
        h1_0.location,
        h1_0.name,
        h1_0.price,
        h1_0.stars 
    from
        housing h1_0 
    where
        h1_0.code=?
Hibernate: 
    select
        h1_0.code,
        h1_0.acepted,
        h1_0.description,
        h1_0.image,
        h1_0.location,
        h1_0.name,
        h1_0.price,
        h1_0.stars 
    from
        housing h1_0 
    where
        h1_0.code=?
2025-04-10T12:55:15.116+02:00 DEBUG 19712 --- [practica1] [           main] org.hibernate.SQL                        : 
    select
        t1_0.housing_id,
        t1_1.id 
    from
        housing_tags t1_0 
    join
        tag t1_1 
            on t1_1.id=t1_0.tag_id 
    where
        t1_0.housing_id=?
Hibernate: 
    select
        t1_0.housing_id,
        t1_1.id 
    from
        housing_tags t1_0 
    join
        tag t1_1 
            on t1_1.id=t1_0.tag_id 
    where
        t1_0.housing_id=?
2025-04-10T12:55:15.119+02:00 DEBUG 19712 --- [practica1] [           main] org.hibernate.SQL                        : 
    select
        h1_0.code,
        h1_0.acepted,
        h1_0.description,
        h1_0.image,
        h1_0.location,
        h1_0.name,
        h1_0.price,
        h1_0.stars 
    from
        housing h1_0 
    where
        h1_0.code=?
Hibernate: 
    select
        h1_0.code,
        h1_0.acepted,
        h1_0.description,
        h1_0.image,
        h1_0.location,
        h1_0.name,
        h1_0.price,
        h1_0.stars 
    from
        housing h1_0 
    where
        h1_0.code=?
2025-04-10T12:55:15.123+02:00 DEBUG 19712 --- [practica1] [           main] org.hibernate.SQL                        : 
    select
        t1_0.housing_id,
        t1_1.id 
    from
        housing_tags t1_0 
    join
        tag t1_1 
            on t1_1.id=t1_0.tag_id 
    where
        t1_0.housing_id=?
Hibernate: 
    select
        t1_0.housing_id,
        t1_1.id 
    from
        housing_tags t1_0 
    join
        tag t1_1 
            on t1_1.id=t1_0.tag_id 
    where
        t1_0.housing_id=?
2025-04-10T12:55:15.125+02:00 DEBUG 19712 --- [practica1] [           main] org.hibernate.SQL                        : 
    select
        h1_0.code,
        h1_0.acepted,
        h1_0.description,
        h1_0.image,
        h1_0.location,
        h1_0.name,
        h1_0.price,
        h1_0.stars 
    from
        housing h1_0 
    where
        h1_0.code=?
Hibernate: 
    select
        h1_0.code,
        h1_0.acepted,
        h1_0.description,
        h1_0.image,
        h1_0.location,
        h1_0.name,
        h1_0.price,
        h1_0.stars 
    from
        housing h1_0 
    where
        h1_0.code=?
2025-04-10T12:55:15.128+02:00 DEBUG 19712 --- [practica1] [           main] org.hibernate.SQL                        : 
    select
        t1_0.housing_id,
        t1_1.id 
    from
        housing_tags t1_0 
    join
        tag t1_1 
            on t1_1.id=t1_0.tag_id 
    where
        t1_0.housing_id=?
Hibernate: 
    select
        t1_0.housing_id,
        t1_1.id 
    from
        housing_tags t1_0 
    join
        tag t1_1 
            on t1_1.id=t1_0.tag_id 
    where
        t1_0.housing_id=?
2025-04-10T12:55:15.131+02:00 DEBUG 19712 --- [practica1] [           main] org.hibernate.SQL                        : 
    select
        h1_0.code,
        h1_0.acepted,
        h1_0.description,
        h1_0.image,
        h1_0.location,
        h1_0.name,
        h1_0.price,
        h1_0.stars 
    from
        housing h1_0 
    where
        h1_0.code=?
Hibernate: 
    select
        h1_0.code,
        h1_0.acepted,
        h1_0.description,
        h1_0.image,
        h1_0.location,
        h1_0.name,
        h1_0.price,
        h1_0.stars 
    from
        housing h1_0 
    where
        h1_0.code=?
2025-04-10T12:55:15.133+02:00 DEBUG 19712 --- [practica1] [           main] org.hibernate.SQL                        : 
    select
        t1_0.housing_id,
        t1_1.id 
    from
        housing_tags t1_0 
    join
        tag t1_1 
            on t1_1.id=t1_0.tag_id 
    where
        t1_0.housing_id=?
Hibernate: 
    select
        t1_0.housing_id,
        t1_1.id 
    from
        housing_tags t1_0 
    join
        tag t1_1 
            on t1_1.id=t1_0.tag_id 
    where
        t1_0.housing_id=?
2025-04-10T12:55:15.136+02:00 DEBUG 19712 --- [practica1] [           main] org.hibernate.SQL                        : 
    select
        h1_0.code,
        h1_0.acepted,
        h1_0.description,
        h1_0.image,
        h1_0.location,
        h1_0.name,
        h1_0.price,
        h1_0.stars 
    from
        housing h1_0 
    where
        h1_0.code=?
Hibernate: 
    select
        h1_0.code,
        h1_0.acepted,
        h1_0.description,
        h1_0.image,
        h1_0.location,
        h1_0.name,
        h1_0.price,
        h1_0.stars 
    from
        housing h1_0 
    where
        h1_0.code=?
2025-04-10T12:55:15.140+02:00 DEBUG 19712 --- [practica1] [           main] org.hibernate.SQL                        : 
    select
        t1_0.housing_id,
        t1_1.id 
    from
        housing_tags t1_0 
    join
        tag t1_1 
            on t1_1.id=t1_0.tag_id 
    where
        t1_0.housing_id=?
Hibernate: 
    select
        t1_0.housing_id,
        t1_1.id 
    from
        housing_tags t1_0 
    join
        tag t1_1 
            on t1_1.id=t1_0.tag_id 
    where
        t1_0.housing_id=?
2025-04-10T12:55:15.143+02:00 DEBUG 19712 --- [practica1] [           main] org.hibernate.SQL                        : 
    select
        h1_0.code,
        h1_0.acepted,
        h1_0.description,
        h1_0.image,
        h1_0.location,
        h1_0.name,
        h1_0.price,
        h1_0.stars 
    from
        housing h1_0 
    where
        h1_0.code=?
Hibernate: 
    select
        h1_0.code,
        h1_0.acepted,
        h1_0.description,
        h1_0.image,
        h1_0.location,
        h1_0.name,
        h1_0.price,
        h1_0.stars 
    from
        housing h1_0 
    where
        h1_0.code=?
2025-04-10T12:55:15.146+02:00 DEBUG 19712 --- [practica1] [           main] org.hibernate.SQL                        : 
    select
        t1_0.housing_id,
        t1_1.id 
    from
        housing_tags t1_0 
    join
        tag t1_1 
            on t1_1.id=t1_0.tag_id 
    where
        t1_0.housing_id=?
Hibernate: 
    select
        t1_0.housing_id,
        t1_1.id 
    from
        housing_tags t1_0 
    join
        tag t1_1 
            on t1_1.id=t1_0.tag_id 
    where
        t1_0.housing_id=?
2025-04-10T12:55:15.148+02:00 DEBUG 19712 --- [practica1] [           main] org.hibernate.SQL                        : 
    select
        h1_0.code,
        h1_0.acepted,
        h1_0.description,
        h1_0.image,
        h1_0.location,
        h1_0.name,
        h1_0.price,
        h1_0.stars 
    from
        housing h1_0 
    where
        h1_0.code=?
Hibernate: 
    select
        h1_0.code,
        h1_0.acepted,
        h1_0.description,
        h1_0.image,
        h1_0.location,
        h1_0.name,
        h1_0.price,
        h1_0.stars 
    from
        housing h1_0 
    where
        h1_0.code=?
2025-04-10T12:55:15.152+02:00 DEBUG 19712 --- [practica1] [           main] org.hibernate.SQL                        : 
    select
        t1_0.housing_id,
        t1_1.id 
    from
        housing_tags t1_0 
    join
        tag t1_1 
            on t1_1.id=t1_0.tag_id 
    where
        t1_0.housing_id=?
Hibernate: 
    select
        t1_0.housing_id,
        t1_1.id 
    from
        housing_tags t1_0 
    join
        tag t1_1 
            on t1_1.id=t1_0.tag_id 
    where
        t1_0.housing_id=?
2025-04-10T12:55:15.154+02:00 DEBUG 19712 --- [practica1] [           main] org.hibernate.SQL                        : 
    select
        h1_0.code,
        h1_0.acepted,
        h1_0.description,
        h1_0.image,
        h1_0.location,
        h1_0.name,
        h1_0.price,
        h1_0.stars 
    from
        housing h1_0 
    where
        h1_0.code=?
Hibernate: 
    select
        h1_0.code,
        h1_0.acepted,
        h1_0.description,
        h1_0.image,
        h1_0.location,
        h1_0.name,
        h1_0.price,
        h1_0.stars 
    from
        housing h1_0 
    where
        h1_0.code=?
2025-04-10T12:55:15.157+02:00 DEBUG 19712 --- [practica1] [           main] org.hibernate.SQL                        : 
    select
        t1_0.housing_id,
        t1_1.id 
    from
        housing_tags t1_0 
    join
        tag t1_1 
            on t1_1.id=t1_0.tag_id 
    where
        t1_0.housing_id=?
Hibernate: 
    select
        t1_0.housing_id,
        t1_1.id 
    from
        housing_tags t1_0 
    join
        tag t1_1 
            on t1_1.id=t1_0.tag_id 
    where
        t1_0.housing_id=?
2025-04-10T12:55:15.159+02:00 DEBUG 19712 --- [practica1] [           main] org.hibernate.SQL                        : 
    select
        h1_0.code,
        h1_0.acepted,
        h1_0.description,
        h1_0.image,
        h1_0.location,
        h1_0.name,
        h1_0.price,
        h1_0.stars 
    from
        housing h1_0 
    where
        h1_0.code=?
Hibernate: 
    select
        h1_0.code,
        h1_0.acepted,
        h1_0.description,
        h1_0.image,
        h1_0.location,
        h1_0.name,
        h1_0.price,
        h1_0.stars 
    from
        housing h1_0 
    where
        h1_0.code=?
2025-04-10T12:55:15.162+02:00 DEBUG 19712 --- [practica1] [           main] org.hibernate.SQL                        : 
    select
        t1_0.housing_id,
        t1_1.id 
    from
        housing_tags t1_0 
    join
        tag t1_1 
            on t1_1.id=t1_0.tag_id 
    where
        t1_0.housing_id=?
Hibernate: 
    select
        t1_0.housing_id,
        t1_1.id 
    from
        housing_tags t1_0 
    join
        tag t1_1 
            on t1_1.id=t1_0.tag_id 
    where
        t1_0.housing_id=?
2025-04-10T12:55:15.165+02:00 DEBUG 19712 --- [practica1] [           main] org.hibernate.SQL                        : 
    select
        h1_0.code,
        h1_0.acepted,
        h1_0.description,
        h1_0.image,
        h1_0.location,
        h1_0.name,
        h1_0.price,
        h1_0.stars 
    from
        housing h1_0 
    where
        h1_0.code=?
Hibernate: 
    select
        h1_0.code,
        h1_0.acepted,
        h1_0.description,
        h1_0.image,
        h1_0.location,
        h1_0.name,
        h1_0.price,
        h1_0.stars 
    from
        housing h1_0 
    where
        h1_0.code=?
2025-04-10T12:55:15.168+02:00 DEBUG 19712 --- [practica1] [           main] org.hibernate.SQL                        : 
    select
        t1_0.housing_id,
        t1_1.id 
    from
        housing_tags t1_0 
    join
        tag t1_1 
            on t1_1.id=t1_0.tag_id 
    where
        t1_0.housing_id=?
Hibernate: 
    select
        t1_0.housing_id,
        t1_1.id 
    from
        housing_tags t1_0 
    join
        tag t1_1 
            on t1_1.id=t1_0.tag_id 
    where
        t1_0.housing_id=?
2025-04-10T12:55:15.171+02:00 DEBUG 19712 --- [practica1] [           main] org.hibernate.SQL                        : 
    select
        h1_0.code,
        h1_0.acepted,
        h1_0.description,
        h1_0.image,
        h1_0.location,
        h1_0.name,
        h1_0.price,
        h1_0.stars 
    from
        housing h1_0 
    where
        h1_0.code=?
Hibernate: 
    select
        h1_0.code,
        h1_0.acepted,
        h1_0.description,
        h1_0.image,
        h1_0.location,
        h1_0.name,
        h1_0.price,
        h1_0.stars 
    from
        housing h1_0 
    where
        h1_0.code=?
2025-04-10T12:55:15.173+02:00 DEBUG 19712 --- [practica1] [           main] org.hibernate.SQL                        : 
    select
        t1_0.housing_id,
        t1_1.id 
    from
        housing_tags t1_0 
    join
        tag t1_1 
            on t1_1.id=t1_0.tag_id 
    where
        t1_0.housing_id=?
Hibernate: 
    select
        t1_0.housing_id,
        t1_1.id 
    from
        housing_tags t1_0 
    join
        tag t1_1 
            on t1_1.id=t1_0.tag_id 
    where
        t1_0.housing_id=?
2025-04-10T12:55:15.175+02:00 DEBUG 19712 --- [practica1] [           main] org.hibernate.SQL                        : 
    select
        h1_0.code,
        h1_0.acepted,
        h1_0.description,
        h1_0.image,
        h1_0.location,
        h1_0.name,
        h1_0.price,
        h1_0.stars 
    from
        housing h1_0 
    where
        h1_0.code=?
Hibernate: 
    select
        h1_0.code,
        h1_0.acepted,
        h1_0.description,
        h1_0.image,
        h1_0.location,
        h1_0.name,
        h1_0.price,
        h1_0.stars 
    from
        housing h1_0 
    where
        h1_0.code=?
2025-04-10T12:55:15.178+02:00 DEBUG 19712 --- [practica1] [           main] org.hibernate.SQL                        : 
    select
        t1_0.housing_id,
        t1_1.id 
    from
        housing_tags t1_0 
    join
        tag t1_1 
            on t1_1.id=t1_0.tag_id 
    where
        t1_0.housing_id=?
Hibernate: 
    select
        t1_0.housing_id,
        t1_1.id 
    from
        housing_tags t1_0 
    join
        tag t1_1 
            on t1_1.id=t1_0.tag_id 
    where
        t1_0.housing_id=?
2025-04-10T12:55:15.180+02:00 DEBUG 19712 --- [practica1] [           main] org.hibernate.SQL                        : 
    select
        h1_0.code,
        h1_0.acepted,
        h1_0.description,
        h1_0.image,
        h1_0.location,
        h1_0.name,
        h1_0.price,
        h1_0.stars 
    from
        housing h1_0 
    where
        h1_0.code=?
Hibernate: 
    select
        h1_0.code,
        h1_0.acepted,
        h1_0.description,
        h1_0.image,
        h1_0.location,
        h1_0.name,
        h1_0.price,
        h1_0.stars 
    from
        housing h1_0 
    where
        h1_0.code=?
2025-04-10T12:55:15.183+02:00 DEBUG 19712 --- [practica1] [           main] org.hibernate.SQL                        : 
    select
        t1_0.housing_id,
        t1_1.id 
    from
        housing_tags t1_0 
    join
        tag t1_1 
            on t1_1.id=t1_0.tag_id 
    where
        t1_0.housing_id=?
Hibernate: 
    select
        t1_0.housing_id,
        t1_1.id 
    from
        housing_tags t1_0 
    join
        tag t1_1 
            on t1_1.id=t1_0.tag_id 
    where
        t1_0.housing_id=?
2025-04-10T12:55:15.187+02:00 DEBUG 19712 --- [practica1] [           main] org.hibernate.SQL                        : 
    select
        h1_0.code,
        h1_0.acepted,
        h1_0.description,
        h1_0.image,
        h1_0.location,
        h1_0.name,
        h1_0.price,
        h1_0.stars 
    from
        housing h1_0 
    where
        h1_0.code=?
Hibernate: 
    select
        h1_0.code,
        h1_0.acepted,
        h1_0.description,
        h1_0.image,
        h1_0.location,
        h1_0.name,
        h1_0.price,
        h1_0.stars 
    from
        housing h1_0 
    where
        h1_0.code=?
2025-04-10T12:55:15.191+02:00 DEBUG 19712 --- [practica1] [           main] org.hibernate.SQL                        : 
    select
        t1_0.housing_id,
        t1_1.id 
    from
        housing_tags t1_0 
    join
        tag t1_1 
            on t1_1.id=t1_0.tag_id 
    where
        t1_0.housing_id=?
Hibernate: 
    select
        t1_0.housing_id,
        t1_1.id 
    from
        housing_tags t1_0 
    join
        tag t1_1 
            on t1_1.id=t1_0.tag_id 
    where
        t1_0.housing_id=?
2025-04-10T12:55:15.194+02:00 DEBUG 19712 --- [practica1] [           main] org.hibernate.SQL                        : 
    select
        h1_0.code,
        h1_0.acepted,
        h1_0.description,
        h1_0.image,
        h1_0.location,
        h1_0.name,
        h1_0.price,
        h1_0.stars 
    from
        housing h1_0 
    where
        h1_0.code=?
Hibernate: 
    select
        h1_0.code,
        h1_0.acepted,
        h1_0.description,
        h1_0.image,
        h1_0.location,
        h1_0.name,
        h1_0.price,
        h1_0.stars 
    from
        housing h1_0 
    where
        h1_0.code=?
2025-04-10T12:55:15.200+02:00 DEBUG 19712 --- [practica1] [           main] org.hibernate.SQL                        : 
    select
        t1_0.housing_id,
        t1_1.id 
    from
        housing_tags t1_0 
    join
        tag t1_1 
            on t1_1.id=t1_0.tag_id 
    where
        t1_0.housing_id=?
Hibernate: 
    select
        t1_0.housing_id,
        t1_1.id 
    from
        housing_tags t1_0 
    join
        tag t1_1 
            on t1_1.id=t1_0.tag_id 
    where
        t1_0.housing_id=?
2025-04-10T12:55:15.203+02:00 DEBUG 19712 --- [practica1] [           main] org.hibernate.SQL                        : 
    select
        h1_0.code,
        h1_0.acepted,
        h1_0.description,
        h1_0.image,
        h1_0.location,
        h1_0.name,
        h1_0.price,
        h1_0.stars 
    from
        housing h1_0 
    where
        h1_0.code=?
Hibernate: 
    select
        h1_0.code,
        h1_0.acepted,
        h1_0.description,
        h1_0.image,
        h1_0.location,
        h1_0.name,
        h1_0.price,
        h1_0.stars 
    from
        housing h1_0 
    where
        h1_0.code=?
2025-04-10T12:55:15.208+02:00 DEBUG 19712 --- [practica1] [           main] org.hibernate.SQL                        : 
    select
        t1_0.housing_id,
        t1_1.id 
    from
        housing_tags t1_0 
    join
        tag t1_1 
            on t1_1.id=t1_0.tag_id 
    where
        t1_0.housing_id=?
Hibernate: 
    select
        t1_0.housing_id,
        t1_1.id 
    from
        housing_tags t1_0 
    join
        tag t1_1 
            on t1_1.id=t1_0.tag_id 
    where
        t1_0.housing_id=?
2025-04-10T12:55:15.211+02:00 DEBUG 19712 --- [practica1] [           main] org.hibernate.SQL                        : 
    select
        h1_0.code,
        h1_0.acepted,
        h1_0.description,
        h1_0.image,
        h1_0.location,
        h1_0.name,
        h1_0.price,
        h1_0.stars 
    from
        housing h1_0 
    where
        h1_0.code=?
Hibernate: 
    select
        h1_0.code,
        h1_0.acepted,
        h1_0.description,
        h1_0.image,
        h1_0.location,
        h1_0.name,
        h1_0.price,
        h1_0.stars 
    from
        housing h1_0 
    where
        h1_0.code=?
2025-04-10T12:55:15.214+02:00 DEBUG 19712 --- [practica1] [           main] org.hibernate.SQL                        : 
    select
        t1_0.housing_id,
        t1_1.id 
    from
        housing_tags t1_0 
    join
        tag t1_1 
            on t1_1.id=t1_0.tag_id 
    where
        t1_0.housing_id=?
Hibernate: 
    select
        t1_0.housing_id,
        t1_1.id 
    from
        housing_tags t1_0 
    join
        tag t1_1 
            on t1_1.id=t1_0.tag_id 
    where
        t1_0.housing_id=?
2025-04-10T12:55:15.239+02:00 DEBUG 19712 --- [practica1] [           main] org.hibernate.SQL                        : 
    update
        housing 
    set
        acepted=?,
        description=?,
        image=?,
        location=?,
        name=?,
        price=?,
        stars=? 
    where
        code=?
Hibernate: 
    update
        housing 
    set
        acepted=?,
        description=?,
        image=?,
        location=?,
        name=?,
        price=?,
        stars=? 
    where
        code=?
2025-04-10T12:55:15.255+02:00 DEBUG 19712 --- [practica1] [           main] org.hibernate.SQL                        : 
    update
        housing 
    set
        acepted=?,
        description=?,
        image=?,
        location=?,
        name=?,
        price=?,
        stars=? 
    where
        code=?
Hibernate: 
    update
        housing 
    set
        acepted=?,
        description=?,
        image=?,
        location=?,
        name=?,
        price=?,
        stars=? 
    where
        code=?
2025-04-10T12:55:15.261+02:00 DEBUG 19712 --- [practica1] [           main] org.hibernate.SQL                        : 
    update
        housing 
    set
        acepted=?,
        description=?,
        image=?,
        location=?,
        name=?,
        price=?,
        stars=? 
    where
        code=?
Hibernate: 
    update
        housing 
    set
        acepted=?,
        description=?,
        image=?,
        location=?,
        name=?,
        price=?,
        stars=? 
    where
        code=?
2025-04-10T12:55:15.264+02:00 DEBUG 19712 --- [practica1] [           main] org.hibernate.SQL                        : 
    update
        housing 
    set
        acepted=?,
        description=?,
        image=?,
        location=?,
        name=?,
        price=?,
        stars=? 
    where
        code=?
Hibernate: 
    update
        housing 
    set
        acepted=?,
        description=?,
        image=?,
        location=?,
        name=?,
        price=?,
        stars=? 
    where
        code=?
2025-04-10T12:55:15.267+02:00 DEBUG 19712 --- [practica1] [           main] org.hibernate.SQL                        : 
    update
        housing 
    set
        acepted=?,
        description=?,
        image=?,
        location=?,
        name=?,
        price=?,
        stars=? 
    where
        code=?
Hibernate: 
    update
        housing 
    set
        acepted=?,
        description=?,
        image=?,
        location=?,
        name=?,
        price=?,
        stars=? 
    where
        code=?
2025-04-10T12:55:15.273+02:00 DEBUG 19712 --- [practica1] [           main] org.hibernate.SQL                        : 
    update
        housing 
    set
        acepted=?,
        description=?,
        image=?,
        location=?,
        name=?,
        price=?,
        stars=? 
    where
        code=?
Hibernate: 
    update
        housing 
    set
        acepted=?,
        description=?,
        image=?,
        location=?,
        name=?,
        price=?,
        stars=? 
    where
        code=?
2025-04-10T12:55:15.276+02:00 DEBUG 19712 --- [practica1] [           main] org.hibernate.SQL                        : 
    update
        housing 
    set
        acepted=?,
        description=?,
        image=?,
        location=?,
        name=?,
        price=?,
        stars=? 
    where
        code=?
Hibernate: 
    update
        housing 
    set
        acepted=?,
        description=?,
        image=?,
        location=?,
        name=?,
        price=?,
        stars=? 
    where
        code=?
2025-04-10T12:55:15.292+02:00 DEBUG 19712 --- [practica1] [           main] org.hibernate.SQL                        : 
    update
        housing 
    set
        acepted=?,
        description=?,
        image=?,
        location=?,
        name=?,
        price=?,
        stars=? 
    where
        code=?
Hibernate: 
    update
        housing 
    set
        acepted=?,
        description=?,
        image=?,
        location=?,
        name=?,
        price=?,
        stars=? 
    where
        code=?
2025-04-10T12:55:15.297+02:00 DEBUG 19712 --- [practica1] [           main] org.hibernate.SQL                        : 
    update
        housing 
    set
        acepted=?,
        description=?,
        image=?,
        location=?,
        name=?,
        price=?,
        stars=? 
    where
        code=?
Hibernate: 
    update
        housing 
    set
        acepted=?,
        description=?,
        image=?,
        location=?,
        name=?,
        price=?,
        stars=? 
    where
        code=?
2025-04-10T12:55:15.301+02:00 DEBUG 19712 --- [practica1] [           main] org.hibernate.SQL                        : 
    update
        housing 
    set
        acepted=?,
        description=?,
        image=?,
        location=?,
        name=?,
        price=?,
        stars=? 
    where
        code=?
Hibernate: 
    update
        housing 
    set
        acepted=?,
        description=?,
        image=?,
        location=?,
        name=?,
        price=?,
        stars=? 
    where
        code=?
2025-04-10T12:55:15.305+02:00 DEBUG 19712 --- [practica1] [           main] org.hibernate.SQL                        : 
    update
        housing 
    set
        acepted=?,
        description=?,
        image=?,
        location=?,
        name=?,
        price=?,
        stars=? 
    where
        code=?
Hibernate: 
    update
        housing 
    set
        acepted=?,
        description=?,
        image=?,
        location=?,
        name=?,
        price=?,
        stars=? 
    where
        code=?
2025-04-10T12:55:15.308+02:00 DEBUG 19712 --- [practica1] [           main] org.hibernate.SQL                        : 
    update
        housing 
    set
        acepted=?,
        description=?,
        image=?,
        location=?,
        name=?,
        price=?,
        stars=? 
    where
        code=?
Hibernate: 
    update
        housing 
    set
        acepted=?,
        description=?,
        image=?,
        location=?,
        name=?,
        price=?,
        stars=? 
    where
        code=?
2025-04-10T12:55:15.312+02:00 DEBUG 19712 --- [practica1] [           main] org.hibernate.SQL                        : 
    update
        housing 
    set
        acepted=?,
        description=?,
        image=?,
        location=?,
        name=?,
        price=?,
        stars=? 
    where
        code=?
Hibernate: 
    update
        housing 
    set
        acepted=?,
        description=?,
        image=?,
        location=?,
        name=?,
        price=?,
        stars=? 
    where
        code=?
2025-04-10T12:55:15.315+02:00 DEBUG 19712 --- [practica1] [           main] org.hibernate.SQL                        : 
    update
        housing 
    set
        acepted=?,
        description=?,
        image=?,
        location=?,
        name=?,
        price=?,
        stars=? 
    where
        code=?
Hibernate: 
    update
        housing 
    set
        acepted=?,
        description=?,
        image=?,
        location=?,
        name=?,
        price=?,
        stars=? 
    where
        code=?
2025-04-10T12:55:15.319+02:00 DEBUG 19712 --- [practica1] [           main] org.hibernate.SQL                        : 
    update
        housing 
    set
        acepted=?,
        description=?,
        image=?,
        location=?,
        name=?,
        price=?,
        stars=? 
    where
        code=?
Hibernate: 
    update
        housing 
    set
        acepted=?,
        description=?,
        image=?,
        location=?,
        name=?,
        price=?,
        stars=? 
    where
        code=?
2025-04-10T12:55:15.324+02:00 DEBUG 19712 --- [practica1] [           main] org.hibernate.SQL                        : 
    update
        housing 
    set
        acepted=?,
        description=?,
        image=?,
        location=?,
        name=?,
        price=?,
        stars=? 
    where
        code=?
Hibernate: 
    update
        housing 
    set
        acepted=?,
        description=?,
        image=?,
        location=?,
        name=?,
        price=?,
        stars=? 
    where
        code=?
2025-04-10T12:55:15.327+02:00 DEBUG 19712 --- [practica1] [           main] org.hibernate.SQL                        : 
    update
        housing 
    set
        acepted=?,
        description=?,
        image=?,
        location=?,
        name=?,
        price=?,
        stars=? 
    where
        code=?
Hibernate: 
    update
        housing 
    set
        acepted=?,
        description=?,
        image=?,
        location=?,
        name=?,
        price=?,
        stars=? 
    where
        code=?
2025-04-10T12:55:15.330+02:00 DEBUG 19712 --- [practica1] [           main] org.hibernate.SQL                        : 
    update
        housing 
    set
        acepted=?,
        description=?,
        image=?,
        location=?,
        name=?,
        price=?,
        stars=? 
    where
        code=?
Hibernate: 
    update
        housing 
    set
        acepted=?,
        description=?,
        image=?,
        location=?,
        name=?,
        price=?,
        stars=? 
    where
        code=?
2025-04-10T12:55:15.337+02:00 DEBUG 19712 --- [practica1] [           main] org.hibernate.SQL                        : 
    update
        housing 
    set
        acepted=?,
        description=?,
        image=?,
        location=?,
        name=?,
        price=?,
        stars=? 
    where
        code=?
Hibernate: 
    update
        housing 
    set
        acepted=?,
        description=?,
        image=?,
        location=?,
        name=?,
        price=?,
        stars=? 
    where
        code=?
2025-04-10T12:55:15.341+02:00 DEBUG 19712 --- [practica1] [           main] org.hibernate.SQL                        : 
    update
        housing 
    set
        acepted=?,
        description=?,
        image=?,
        location=?,
        name=?,
        price=?,
        stars=? 
    where
        code=?
Hibernate: 
    update
        housing 
    set
        acepted=?,
        description=?,
        image=?,
        location=?,
        name=?,
        price=?,
        stars=? 
    where
        code=?
2025-04-10T12:55:15.625+02:00  WARN 19712 --- [practica1] [           main] JpaBaseConfiguration$JpaWebConfiguration : spring.jpa.open-in-view is enabled by default. Therefore, database queries may be performed during view rendering. Explicitly configure spring.jpa.open-in-view to disable this warning
2025-04-10T12:55:15.700+02:00  INFO 19712 --- [practica1] [           main] eAuthenticationProviderManagerConfigurer : Global AuthenticationManager configured with AuthenticationProvider bean with name authenticationProvider
2025-04-10T12:55:15.700+02:00  WARN 19712 --- [practica1] [           main] r$InitializeUserDetailsManagerConfigurer : Global AuthenticationManager configured with an AuthenticationProvider bean. UserDetailsService beans will not be used by Spring Security for automatically configuring username/password login. Consider removing the AuthenticationProvider bean. Alternatively, consider using the UserDetailsService in a manually instantiated DaoAuthenticationProvider. If the current configuration is intentional, to turn off this warning, increase the logging level of 'org.springframework.security.config.annotation.authentication.configuration.InitializeUserDetailsBeanManagerConfigurer' to ERROR
2025-04-10T12:55:15.984+02:00 DEBUG 19712 --- [practica1] [           main] org.hibernate.SQL                        : 
    select
        c1_0.dni,
        c1_0.is_admin,
        c1_0.email,
        c1_0.encoded_password,
        c1_0.name,
        c1_0.number,
        c1_0.password,
        r1_0.user_dni,
        r1_0.roles 
    from
        user c1_0 
    left join
        user_roles r1_0 
            on c1_0.dni=r1_0.user_dni 
    where
        c1_0.dtype='Client' 
        and c1_0.dni=?
Hibernate: 
    select
        c1_0.dni,
        c1_0.is_admin,
        c1_0.email,
        c1_0.encoded_password,
        c1_0.name,
        c1_0.number,
        c1_0.password,
        r1_0.user_dni,
        r1_0.roles 
    from
        user c1_0 
    left join
        user_roles r1_0 
            on c1_0.dni=r1_0.user_dni 
    where
        c1_0.dtype='Client' 
        and c1_0.dni=?
2025-04-10T12:55:15.989+02:00 DEBUG 19712 --- [practica1] [           main] org.hibernate.SQL                        : 
    update
        user 
    set
        is_admin=?,
        email=?,
        encoded_password=?,
        name=?,
        number=?,
        password=? 
    where
        dni=?
Hibernate: 
    update
        user 
    set
        is_admin=?,
        email=?,
        encoded_password=?,
        name=?,
        number=?,
        password=? 
    where
        dni=?
2025-04-10T12:55:15.992+02:00 DEBUG 19712 --- [practica1] [           main] org.hibernate.SQL                        : 
    delete 
    from
        user_roles 
    where
        user_dni=?
Hibernate: 
    delete 
    from
        user_roles 
    where
        user_dni=?
2025-04-10T12:55:15.995+02:00 DEBUG 19712 --- [practica1] [           main] org.hibernate.SQL                        : 
    insert 
    into
        user_roles
        (user_dni, roles) 
    values
        (?, ?)
Hibernate: 
    insert 
    into
        user_roles
        (user_dni, roles) 
    values
        (?, ?)
2025-04-10T12:55:16.080+02:00 DEBUG 19712 --- [practica1] [           main] org.hibernate.SQL                        : 
    select
        a1_0.dni,
        a1_0.is_admin,
        a1_0.email,
        a1_0.encoded_password,
        a1_0.name,
        a1_0.number,
        a1_0.password,
        r1_0.user_dni,
        r1_0.roles 
    from
        user a1_0 
    left join
        user_roles r1_0 
            on a1_0.dni=r1_0.user_dni 
    where
        a1_0.dtype='Admin' 
        and a1_0.dni=?
Hibernate: 
    select
        a1_0.dni,
        a1_0.is_admin,
        a1_0.email,
        a1_0.encoded_password,
        a1_0.name,
        a1_0.number,
        a1_0.password,
        r1_0.user_dni,
        r1_0.roles 
    from
        user a1_0 
    left join
        user_roles r1_0 
            on a1_0.dni=r1_0.user_dni 
    where
        a1_0.dtype='Admin' 
        and a1_0.dni=?
2025-04-10T12:55:16.084+02:00 DEBUG 19712 --- [practica1] [           main] org.hibernate.SQL                        : 
    update
        user 
    set
        is_admin=?,
        email=?,
        encoded_password=?,
        name=?,
        number=?,
        password=? 
    where
        dni=?
Hibernate: 
    update
        user 
    set
        is_admin=?,
        email=?,
        encoded_password=?,
        name=?,
        number=?,
        password=? 
    where
        dni=?
2025-04-10T12:55:16.087+02:00 DEBUG 19712 --- [practica1] [           main] org.hibernate.SQL                        : 
    delete 
    from
        user_roles 
    where
        user_dni=?
Hibernate: 
    delete 
    from
        user_roles 
    where
        user_dni=?
2025-04-10T12:55:16.090+02:00 DEBUG 19712 --- [practica1] [           main] org.hibernate.SQL                        : 
    insert 
    into
        user_roles
        (user_dni, roles) 
    values
        (?, ?)
Hibernate: 
    insert 
    into
        user_roles
        (user_dni, roles) 
    values
        (?, ?)
2025-04-10T12:55:16.175+02:00 DEBUG 19712 --- [practica1] [           main] org.hibernate.SQL                        : 
    select
        a1_0.dni,
        a1_0.is_admin,
        a1_0.email,
        a1_0.encoded_password,
        a1_0.name,
        a1_0.number,
        a1_0.password,
        r1_0.user_dni,
        r1_0.roles 
    from
        user a1_0 
    left join
        user_roles r1_0 
            on a1_0.dni=r1_0.user_dni 
    where
        a1_0.dtype='Admin' 
        and a1_0.dni=?
Hibernate: 
    select
        a1_0.dni,
        a1_0.is_admin,
        a1_0.email,
        a1_0.encoded_password,
        a1_0.name,
        a1_0.number,
        a1_0.password,
        r1_0.user_dni,
        r1_0.roles 
    from
        user a1_0 
    left join
        user_roles r1_0 
            on a1_0.dni=r1_0.user_dni 
    where
        a1_0.dtype='Admin' 
        and a1_0.dni=?
2025-04-10T12:55:16.178+02:00 DEBUG 19712 --- [practica1] [           main] org.hibernate.SQL                        : 
    update
        user 
    set
        is_admin=?,
        email=?,
        encoded_password=?,
        name=?,
        number=?,
        password=? 
    where
        dni=?
Hibernate: 
    update
        user 
    set
        is_admin=?,
        email=?,
        encoded_password=?,
        name=?,
        number=?,
        password=? 
    where
        dni=?
2025-04-10T12:55:16.180+02:00 DEBUG 19712 --- [practica1] [           main] org.hibernate.SQL                        : 
    delete 
    from
        user_roles 
    where
        user_dni=?
Hibernate: 
    delete 
    from
        user_roles 
    where
        user_dni=?
2025-04-10T12:55:16.182+02:00 DEBUG 19712 --- [practica1] [           main] org.hibernate.SQL                        : 
    insert 
    into
        user_roles
        (user_dni, roles) 
    values
        (?, ?)
Hibernate: 
    insert 
    into
        user_roles
        (user_dni, roles) 
    values
        (?, ?)
2025-04-10T12:55:16.309+02:00  INFO 19712 --- [practica1] [           main] o.s.b.a.w.s.WelcomePageHandlerMapping    : Adding welcome page template: index
2025-04-10T12:55:16.826+02:00  INFO 19712 --- [practica1] [           main] o.s.b.a.e.web.EndpointLinksResolver      : Exposing 1 endpoint beneath base path '/actuator'
2025-04-10T12:55:16.943+02:00 DEBUG 19712 --- [practica1] [           main] o.s.s.web.DefaultSecurityFilterChain     : Will secure any request with filters: DisableEncodeUrlFilter, WebAsyncManagerIntegrationFilter, SecurityContextHolderFilter, HeaderWriterFilter, LogoutFilter, JwtRequestFilter, RequestCacheAwareFilter, SecurityContextHolderAwareRequestFilter, AnonymousAuthenticationFilter, SessionManagementFilter, ExceptionTranslationFilter, AuthorizationFilter
2025-04-10T12:55:17.135+02:00  INFO 19712 --- [practica1] [           main] o.s.v.b.OptionalValidatorFactoryBean     : Failed to set up a Bean Validation provider: jakarta.validation.NoProviderFoundException: Unable to create a Configuration, because no Jakarta Bean Validation provider could be found. Add a provider like Hibernate Validator (RI) to your classpath.
2025-04-10T12:55:17.687+02:00  INFO 19712 --- [practica1] [           main] e.g.practica1.Practica1ApplicationTests  : Started Practica1ApplicationTests in 9.308 seconds (process running for 10.497)
2025-04-10T12:55:17.821+02:00 DEBUG 19712 --- [practica1] [           main] org.hibernate.SQL                        : 
    select
        u1_0.dni,
        u1_0.dtype,
        u1_0.is_admin,
        u1_0.email,
        u1_0.encoded_password,
        u1_0.name,
        u1_0.number,
        u1_0.password 
    from
        user u1_0 
    where
        u1_0.name=?
Hibernate: 
    select
        u1_0.dni,
        u1_0.dtype,
        u1_0.is_admin,
        u1_0.email,
        u1_0.encoded_password,
        u1_0.name,
        u1_0.number,
        u1_0.password 
    from
        user u1_0 
    where
        u1_0.name=?
2025-04-10T12:55:17.825+02:00 DEBUG 19712 --- [practica1] [           main] org.hibernate.SQL                        : 
    select
        r1_0.user_dni,
        r1_0.roles 
    from
        user_roles r1_0 
    where
        r1_0.user_dni=?
Hibernate: 
    select
        r1_0.user_dni,
        r1_0.roles 
    from
        user_roles r1_0 
    where
        r1_0.user_dni=?
2025-04-10T12:55:17.830+02:00 DEBUG 19712 --- [practica1] [           main] org.hibernate.SQL                        : 
    select
        h1_0.code,
        h1_0.acepted,
        h1_0.description,
        h1_0.image,
        h1_0.location,
        h1_0.name,
        h1_0.price,
        h1_0.stars 
    from
        housing h1_0 
    where
        h1_0.code=?
Hibernate: 
    select
        h1_0.code,
        h1_0.acepted,
        h1_0.description,
        h1_0.image,
        h1_0.location,
        h1_0.name,
        h1_0.price,
        h1_0.stars 
    from
        housing h1_0 
    where
        h1_0.code=?
2025-04-10T12:55:17.836+02:00 DEBUG 19712 --- [practica1] [           main] org.hibernate.SQL                        : 
    select
        r1_0.id,
        r1_0.check_in,
        r1_0.check_out,
        r1_0.client_id,
        c1_0.dni,
        c1_0.dtype,
        c1_0.is_admin,
        c1_0.email,
        c1_0.encoded_password,
        c1_0.name,
        c1_0.number,
        c1_0.password,
        r2_0.user_dni,
        r2_0.roles,
        r1_0.hotel_code,
        h1_0.code,
        h1_0.acepted,
        h1_0.description,
        h1_0.image,
        h1_0.location,
        h1_0.name,
        h1_0.price,
        h1_0.stars,
        h2_0.code,
        h2_0.acepted,
        h2_0.description,
        h2_0.image,
        h2_0.location,
        h2_0.name,
        h2_0.price,
        h2_0.stars,
        r1_0.valorated 
    from
        reservation r1_0 
    join
        user c1_0 
            on c1_0.dni=r1_0.client_id 
    left join
        user_roles r2_0 
            on c1_0.dni=r2_0.user_dni 
    join
        housing h1_0 
            on h1_0.code=r1_0.hotel_code 
    left join
        housing h2_0 
            on h2_0.name=r1_0.hotel_name 
    where
        r1_0.id=?
Hibernate: 
    select
        r1_0.id,
        r1_0.check_in,
        r1_0.check_out,
        r1_0.client_id,
        c1_0.dni,
        c1_0.dtype,
        c1_0.is_admin,
        c1_0.email,
        c1_0.encoded_password,
        c1_0.name,
        c1_0.number,
        c1_0.password,
        r2_0.user_dni,
        r2_0.roles,
        r1_0.hotel_code,
        h1_0.code,
        h1_0.acepted,
        h1_0.description,
        h1_0.image,
        h1_0.location,
        h1_0.name,
        h1_0.price,
        h1_0.stars,
        h2_0.code,
        h2_0.acepted,
        h2_0.description,
        h2_0.image,
        h2_0.location,
        h2_0.name,
        h2_0.price,
        h2_0.stars,
        r1_0.valorated 
    from
        reservation r1_0 
    join
        user c1_0 
            on c1_0.dni=r1_0.client_id 
    left join
        user_roles r2_0 
            on c1_0.dni=r2_0.user_dni 
    join
        housing h1_0 
            on h1_0.code=r1_0.hotel_code 
    left join
        housing h2_0 
            on h2_0.name=r1_0.hotel_name 
    where
        r1_0.id=?
2025-04-10T12:55:17.844+02:00 DEBUG 19712 --- [practica1] [           main] org.hibernate.SQL                        : 
    select
        r1_0.id,
        r1_0.check_in,
        r1_0.check_out,
        r1_0.client_id,
        c1_0.dni,
        c1_0.dtype,
        c1_0.is_admin,
        c1_0.email,
        c1_0.encoded_password,
        c1_0.name,
        c1_0.number,
        c1_0.password,
        r2_0.user_dni,
        r2_0.roles,
        r1_0.hotel_code,
        h1_0.code,
        h1_0.acepted,
        h1_0.description,
        h1_0.image,
        h1_0.location,
        h1_0.name,
        h1_0.price,
        h1_0.stars,
        h2_0.code,
        h2_0.acepted,
        h2_0.description,
        h2_0.image,
        h2_0.location,
        h2_0.name,
        h2_0.price,
        h2_0.stars,
        r1_0.valorated 
    from
        reservation r1_0 
    join
        user c1_0 
            on c1_0.dni=r1_0.client_id 
    left join
        user_roles r2_0 
            on c1_0.dni=r2_0.user_dni 
    join
        housing h1_0 
            on h1_0.code=r1_0.hotel_code 
    left join
        housing h2_0 
            on h2_0.name=r1_0.hotel_name 
    where
        r1_0.id=?
Hibernate: 
    select
        r1_0.id,
        r1_0.check_in,
        r1_0.check_out,
        r1_0.client_id,
        c1_0.dni,
        c1_0.dtype,
        c1_0.is_admin,
        c1_0.email,
        c1_0.encoded_password,
        c1_0.name,
        c1_0.number,
        c1_0.password,
        r2_0.user_dni,
        r2_0.roles,
        r1_0.hotel_code,
        h1_0.code,
        h1_0.acepted,
        h1_0.description,
        h1_0.image,
        h1_0.location,
        h1_0.name,
        h1_0.price,
        h1_0.stars,
        h2_0.code,
        h2_0.acepted,
        h2_0.description,
        h2_0.image,
        h2_0.location,
        h2_0.name,
        h2_0.price,
        h2_0.stars,
        r1_0.valorated 
    from
        reservation r1_0 
    join
        user c1_0 
            on c1_0.dni=r1_0.client_id 
    left join
        user_roles r2_0 
            on c1_0.dni=r2_0.user_dni 
    join
        housing h1_0 
            on h1_0.code=r1_0.hotel_code 
    left join
        housing h2_0 
            on h2_0.name=r1_0.hotel_name 
    where
        r1_0.id=?
2025-04-10T12:55:17.852+02:00 DEBUG 19712 --- [practica1] [           main] org.hibernate.SQL                        : 
    select
        r1_0.review_id,
        r1_0.comment,
        r1_0.hotel_code,
        h1_0.code,
        h1_0.acepted,
        h1_0.description,
        h1_0.image,
        h1_0.location,
        h1_0.name,
        h1_0.price,
        h1_0.stars,
        r1_0.rating,
        r1_0.user_id,
        u1_0.dni,
        u1_0.dtype,
        u1_0.is_admin,
        u1_0.email,
        u1_0.encoded_password,
        u1_0.name,
        u1_0.number,
        u1_0.password,
        r2_0.user_dni,
        r2_0.roles 
    from
        review r1_0 
    join
        housing h1_0 
            on h1_0.code=r1_0.hotel_code 
    join
        user u1_0 
            on u1_0.dni=r1_0.user_id 
    left join
        user_roles r2_0 
            on u1_0.dni=r2_0.user_dni 
    where
        r1_0.review_id=?
Hibernate: 
    select
        r1_0.review_id,
        r1_0.comment,
        r1_0.hotel_code,
        h1_0.code,
        h1_0.acepted,
        h1_0.description,
        h1_0.image,
        h1_0.location,
        h1_0.name,
        h1_0.price,
        h1_0.stars,
        r1_0.rating,
        r1_0.user_id,
        u1_0.dni,
        u1_0.dtype,
        u1_0.is_admin,
        u1_0.email,
        u1_0.encoded_password,
        u1_0.name,
        u1_0.number,
        u1_0.password,
        r2_0.user_dni,
        r2_0.roles 
    from
        review r1_0 
    join
        housing h1_0 
            on h1_0.code=r1_0.hotel_code 
    join
        user u1_0 
            on u1_0.dni=r1_0.user_id 
    left join
        user_roles r2_0 
            on u1_0.dni=r2_0.user_dni 
    where
        r1_0.review_id=?
2025-04-10T12:55:17.857+02:00 DEBUG 19712 --- [practica1] [           main] org.hibernate.SQL                        : 
    select
        r1_0.review_id,
        r1_0.comment,
        r1_0.hotel_code,
        h1_0.code,
        h1_0.acepted,
        h1_0.description,
        h1_0.image,
        h1_0.location,
        h1_0.name,
        h1_0.price,
        h1_0.stars,
        r1_0.rating,
        r1_0.user_id,
        u1_0.dni,
        u1_0.dtype,
        u1_0.is_admin,
        u1_0.email,
        u1_0.encoded_password,
        u1_0.name,
        u1_0.number,
        u1_0.password,
        r2_0.user_dni,
        r2_0.roles 
    from
        review r1_0 
    join
        housing h1_0 
            on h1_0.code=r1_0.hotel_code 
    join
        user u1_0 
            on u1_0.dni=r1_0.user_id 
    left join
        user_roles r2_0 
            on u1_0.dni=r2_0.user_dni 
    where
        r1_0.review_id=?
Hibernate: 
    select
        r1_0.review_id,
        r1_0.comment,
        r1_0.hotel_code,
        h1_0.code,
        h1_0.acepted,
        h1_0.description,
        h1_0.image,
        h1_0.location,
        h1_0.name,
        h1_0.price,
        h1_0.stars,
        r1_0.rating,
        r1_0.user_id,
        u1_0.dni,
        u1_0.dtype,
        u1_0.is_admin,
        u1_0.email,
        u1_0.encoded_password,
        u1_0.name,
        u1_0.number,
        u1_0.password,
        r2_0.user_dni,
        r2_0.roles 
    from
        review r1_0 
    join
        housing h1_0 
            on h1_0.code=r1_0.hotel_code 
    join
        user u1_0 
            on u1_0.dni=r1_0.user_id 
    left join
        user_roles r2_0 
            on u1_0.dni=r2_0.user_dni 
    where
        r1_0.review_id=?
2025-04-10T12:55:17.862+02:00 DEBUG 19712 --- [practica1] [           main] org.hibernate.SQL                        : 
    select
        r1_0.review_id,
        r1_0.comment,
        r1_0.hotel_code,
        h1_0.code,
        h1_0.acepted,
        h1_0.description,
        h1_0.image,
        h1_0.location,
        h1_0.name,
        h1_0.price,
        h1_0.stars,
        r1_0.rating,
        r1_0.user_id,
        u1_0.dni,
        u1_0.dtype,
        u1_0.is_admin,
        u1_0.email,
        u1_0.encoded_password,
        u1_0.name,
        u1_0.number,
        u1_0.password,
        r2_0.user_dni,
        r2_0.roles 
    from
        review r1_0 
    join
        housing h1_0 
            on h1_0.code=r1_0.hotel_code 
    join
        user u1_0 
            on u1_0.dni=r1_0.user_id 
    left join
        user_roles r2_0 
            on u1_0.dni=r2_0.user_dni 
    where
        r1_0.review_id=?
Hibernate: 
    select
        r1_0.review_id,
        r1_0.comment,
        r1_0.hotel_code,
        h1_0.code,
        h1_0.acepted,
        h1_0.description,
        h1_0.image,
        h1_0.location,
        h1_0.name,
        h1_0.price,
        h1_0.stars,
        r1_0.rating,
        r1_0.user_id,
        u1_0.dni,
        u1_0.dtype,
        u1_0.is_admin,
        u1_0.email,
        u1_0.encoded_password,
        u1_0.name,
        u1_0.number,
        u1_0.password,
        r2_0.user_dni,
        r2_0.roles 
    from
        review r1_0 
    join
        housing h1_0 
            on h1_0.code=r1_0.hotel_code 
    join
        user u1_0 
            on u1_0.dni=r1_0.user_id 
    left join
        user_roles r2_0 
            on u1_0.dni=r2_0.user_dni 
    where
        r1_0.review_id=?
]]></system-out>
    <system-err><![CDATA[Mockito is currently self-attaching to enable the inline-mock-maker. This will no longer work in future releases of the JDK. Please add Mockito as an agent to your build what is described in Mockito's documentation: https://javadoc.io/doc/org.mockito/mockito-core/latest/org/mockito/Mockito.html#0.3
WARNING: A Java agent has been loaded dynamically (C:\Users\j_adr\.m2\repository\net\bytebuddy\byte-buddy-agent\1.15.11\byte-buddy-agent-1.15.11.jar)
WARNING: If a serviceability tool is in use, please run with -XX:+EnableDynamicAgentLoading to hide this warning
WARNING: If a serviceability tool is not in use, please run with -Djdk.instrument.traceUsage for more information
WARNING: Dynamic loading of agents will be disallowed by default in a future release
]]></system-err>
  </testcase>
</testsuite>